<?xml version="1.0" encoding="UTF-8"?>
<testsuite name="com.csc.TestGroceryCounter" tests="12" skipped="0" failures="0" errors="0" timestamp="2024-09-12T19:36:02" hostname="LAPTOP-6FMU26UG" time="0.084">
  <properties/>
  <testcase name="testClear()" classname="com.csc.TestGroceryCounter" time="0.044"/>
  <testcase name="testCustomStartingValue()" classname="com.csc.TestGroceryCounter" time="0.002"/>
  <testcase name="testIncrementTenths()" classname="com.csc.TestGroceryCounter" time="0.001"/>
  <testcase name="testIncrementHundredths()" classname="com.csc.TestGroceryCounter" time="0.001"/>
  <testcase name="testInitialState()" classname="com.csc.TestGroceryCounter" time="0.001"/>
  <testcase name="testDecrementHundredths()" classname="com.csc.TestGroceryCounter" time="0.002"/>
  <testcase name="testCustomMaximumValue()" classname="com.csc.TestGroceryCounter" time="0.003"/>
  <testcase name="testDecrementTenths()" classname="com.csc.TestGroceryCounter" time="0.001"/>
  <testcase name="testIncrementOnes()" classname="com.csc.TestGroceryCounter" time="0.001"/>
  <testcase name="testIncrementTens()" classname="com.csc.TestGroceryCounter" time="0.002"/>
  <testcase name="testDecrementOnes()" classname="com.csc.TestGroceryCounter" time="0.002"/>
  <testcase name="testDecrementTens()" classname="com.csc.TestGroceryCounter" time="0.001"/>
  <system-out><![CDATA[]]></system-out>
  <system-err><![CDATA[]]></system-err>
</testsuite>
